0 info it worked if it ends with ok
1 verbose cli [ '/usr/local/bin/node', '/usr/local/bin/npm', 'run', 'babel' ]
2 info using npm@3.10.10
3 info using node@v6.11.0
4 verbose run-script [ 'prebabel', 'babel', 'postbabel' ]
5 info lifecycle es6-tutorial@1.0.0~prebabel: es6-tutorial@1.0.0
6 silly lifecycle es6-tutorial@1.0.0~prebabel: no script for prebabel, continuing
7 info lifecycle es6-tutorial@1.0.0~babel: es6-tutorial@1.0.0
8 verbose lifecycle es6-tutorial@1.0.0~babel: unsafe-perm in lifecycle true
9 verbose lifecycle es6-tutorial@1.0.0~babel: PATH: /usr/local/lib/node_modules/npm/bin/node-gyp-bin:/Users/aGodinez/Code/es6-tutorial/node_modules/.bin:/Users/aGodinez/.composer/vendor/bin:/Library/Frameworks/Python.framework/Versions/3.6/bin:/usr/local/bin:/usr/bin:/bin:/usr/sbin:/sbin:/Users/aGodinez/.composer/vendor/bin:/Library/Frameworks/Python.framework/Versions/3.6/bin
10 verbose lifecycle es6-tutorial@1.0.0~babel: CWD: /Users/aGodinez/Code/es6-tutorial
11 silly lifecycle es6-tutorial@1.0.0~babel: Args: [ '-c',
11 silly lifecycle   'babel --presets es2015 js/main.js -o build/main.bundle.js' ]
12 info lifecycle es6-tutorial@1.0.0~babel: Failed to exec babel script
13 verbose stack Error: es6-tutorial@1.0.0 babel: `babel --presets es2015 js/main.js -o build/main.bundle.js`
13 verbose stack spawn ENOENT
13 verbose stack     at ChildProcess.<anonymous> (/usr/local/lib/node_modules/npm/lib/utils/spawn.js:33:16)
13 verbose stack     at emitTwo (events.js:106:13)
13 verbose stack     at ChildProcess.emit (events.js:191:7)
13 verbose stack     at maybeClose (internal/child_process.js:891:16)
13 verbose stack     at Process.ChildProcess._handle.onexit (internal/child_process.js:226:5)
14 verbose pkgid es6-tutorial@1.0.0
15 verbose cwd /Users/aGodinez/Code/es6-tutorial
16 error Darwin 17.6.0
17 error argv "/usr/local/bin/node" "/usr/local/bin/npm" "run" "babel"
18 error node v6.11.0
19 error npm  v3.10.10
20 error file sh
21 error code ELIFECYCLE
22 error errno ENOENT
23 error syscall spawn
24 error es6-tutorial@1.0.0 babel: `babel --presets es2015 js/main.js -o build/main.bundle.js`
24 error spawn ENOENT
25 error Failed at the es6-tutorial@1.0.0 babel script 'babel --presets es2015 js/main.js -o build/main.bundle.js'.
25 error Make sure you have the latest version of node.js and npm installed.
25 error If you do, this is most likely a problem with the es6-tutorial package,
25 error not with npm itself.
25 error Tell the author that this fails on your system:
25 error     babel --presets es2015 js/main.js -o build/main.bundle.js
25 error You can get information on how to open an issue for this project with:
25 error     npm bugs es6-tutorial
25 error Or if that isn't available, you can get their info via:
25 error     npm owner ls es6-tutorial
25 error There is likely additional logging output above.
26 verbose exit [ 1, true ]
